2019-12-25 06:32:42 INFO  [main] com.linux.demo.DemoApplication - Starting DemoApplication on ubuntu with PID 4581 (/home/daniel/dev/CouponsProjectMongoDB/target/classes started by daniel in /home/daniel/dev/CouponsProjectMongoDB)
2019-12-25 06:32:42 INFO  [main] com.linux.demo.DemoApplication - No active profile set, falling back to default profiles: default
2019-12-25 06:32:43 INFO  [main] o.s.d.r.c.RepositoryConfigurationDelegate - Bootstrapping Spring Data MongoDB repositories in DEFAULT mode.
2019-12-25 06:32:43 INFO  [main] o.s.d.r.c.RepositoryConfigurationDelegate - Finished Spring Data repository scanning in 35ms. Found 0 MongoDB repository interfaces.
2019-12-25 06:32:44 INFO  [main] o.s.b.w.e.tomcat.TomcatWebServer - Tomcat initialized with port(s): 8080 (http)
2019-12-25 06:32:44 INFO  [main] o.a.catalina.core.StandardService - Starting service [Tomcat]
2019-12-25 06:32:44 INFO  [main] o.a.catalina.core.StandardEngine - Starting Servlet engine: [Apache Tomcat/9.0.29]
2019-12-25 06:32:44 INFO  [main] o.a.c.c.C.[Tomcat].[localhost].[/] - Initializing Spring embedded WebApplicationContext
2019-12-25 06:32:44 INFO  [main] o.s.web.context.ContextLoader - Root WebApplicationContext: initialization completed in 2018 ms
2019-12-25 06:32:45 INFO  [main] org.mongodb.driver.cluster - Cluster created with settings {hosts=[127.0.0.1:27017], mode=SINGLE, requiredClusterType=UNKNOWN, serverSelectionTimeout='30000 ms', maxWaitQueueSize=500}
2019-12-25 06:32:45 INFO  [cluster-ClusterId{value='5e03730da74f5c21974436be', description='null'}-127.0.0.1:27017] org.mongodb.driver.connection - Opened connection [connectionId{localValue:1, serverValue:1}] to 127.0.0.1:27017
2019-12-25 06:32:45 INFO  [cluster-ClusterId{value='5e03730da74f5c21974436be', description='null'}-127.0.0.1:27017] org.mongodb.driver.cluster - Monitor thread successfully connected to server with description ServerDescription{address=127.0.0.1:27017, type=STANDALONE, state=CONNECTED, ok=true, version=ServerVersion{versionList=[4, 2, 2]}, minWireVersion=0, maxWireVersion=8, maxDocumentSize=16777216, logicalSessionTimeoutMinutes=30, roundTripTimeNanos=6038331}
2019-12-25 06:32:45 INFO  [main] o.s.s.c.ThreadPoolTaskExecutor - Initializing ExecutorService 'applicationTaskExecutor'
2019-12-25 06:32:46 INFO  [main] o.s.b.w.e.tomcat.TomcatWebServer - Tomcat started on port(s): 8080 (http) with context path ''
2019-12-25 06:32:46 INFO  [main] com.linux.demo.DemoApplication - Started DemoApplication in 4.106 seconds (JVM running for 4.514)
2019-12-25 06:33:11 INFO  [http-nio-8080-exec-1] o.a.c.c.C.[Tomcat].[localhost].[/] - Initializing Spring DispatcherServlet 'dispatcherServlet'
2019-12-25 06:33:11 INFO  [http-nio-8080-exec-1] o.s.web.servlet.DispatcherServlet - Initializing Servlet 'dispatcherServlet'
2019-12-25 06:33:11 INFO  [http-nio-8080-exec-1] o.s.web.servlet.DispatcherServlet - Completed initialization in 8 ms
2019-12-25 06:33:23 INFO  [SpringContextShutdownHook] o.s.s.c.ThreadPoolTaskExecutor - Shutting down ExecutorService 'applicationTaskExecutor'
2019-12-25 06:35:55 INFO  [main] com.linux.demo.DemoApplication - Starting DemoApplication on ubuntu with PID 5049 (/home/daniel/dev/CouponsProjectMongoDB/target/classes started by daniel in /home/daniel/dev/CouponsProjectMongoDB)
2019-12-25 06:35:55 INFO  [main] com.linux.demo.DemoApplication - No active profile set, falling back to default profiles: default
2019-12-25 06:35:55 INFO  [main] o.s.d.r.c.RepositoryConfigurationDelegate - Bootstrapping Spring Data MongoDB repositories in DEFAULT mode.
2019-12-25 06:35:55 INFO  [main] o.s.d.r.c.RepositoryConfigurationDelegate - Finished Spring Data repository scanning in 18ms. Found 0 MongoDB repository interfaces.
2019-12-25 06:35:56 INFO  [main] o.s.b.w.e.tomcat.TomcatWebServer - Tomcat initialized with port(s): 8080 (http)
2019-12-25 06:35:56 INFO  [main] o.a.catalina.core.StandardService - Starting service [Tomcat]
2019-12-25 06:35:56 INFO  [main] o.a.catalina.core.StandardEngine - Starting Servlet engine: [Apache Tomcat/9.0.29]
2019-12-25 06:35:56 INFO  [main] o.a.c.c.C.[Tomcat].[localhost].[/] - Initializing Spring embedded WebApplicationContext
2019-12-25 06:35:56 INFO  [main] o.s.web.context.ContextLoader - Root WebApplicationContext: initialization completed in 1269 ms
2019-12-25 06:35:56 INFO  [main] org.mongodb.driver.cluster - Cluster created with settings {hosts=[127.0.0.1:27017], mode=SINGLE, requiredClusterType=UNKNOWN, serverSelectionTimeout='30000 ms', maxWaitQueueSize=500}
2019-12-25 06:35:56 INFO  [cluster-ClusterId{value='5e0373cccdb9291d21e8708d', description='null'}-127.0.0.1:27017] org.mongodb.driver.connection - Opened connection [connectionId{localValue:1, serverValue:2}] to 127.0.0.1:27017
2019-12-25 06:35:56 INFO  [cluster-ClusterId{value='5e0373cccdb9291d21e8708d', description='null'}-127.0.0.1:27017] org.mongodb.driver.cluster - Monitor thread successfully connected to server with description ServerDescription{address=127.0.0.1:27017, type=STANDALONE, state=CONNECTED, ok=true, version=ServerVersion{versionList=[4, 2, 2]}, minWireVersion=0, maxWireVersion=8, maxDocumentSize=16777216, logicalSessionTimeoutMinutes=30, roundTripTimeNanos=3256356}
2019-12-25 06:35:56 INFO  [main] o.s.s.c.ThreadPoolTaskExecutor - Initializing ExecutorService 'applicationTaskExecutor'
2019-12-25 06:35:57 INFO  [main] o.s.b.w.e.tomcat.TomcatWebServer - Tomcat started on port(s): 8080 (http) with context path ''
2019-12-25 06:35:57 INFO  [main] com.linux.demo.DemoApplication - Started DemoApplication in 2.609 seconds (JVM running for 3.436)
2019-12-25 06:36:02 INFO  [http-nio-8080-exec-1] o.a.c.c.C.[Tomcat].[localhost].[/] - Initializing Spring DispatcherServlet 'dispatcherServlet'
2019-12-25 06:36:02 INFO  [http-nio-8080-exec-1] o.s.web.servlet.DispatcherServlet - Initializing Servlet 'dispatcherServlet'
2019-12-25 06:36:02 INFO  [http-nio-8080-exec-1] o.s.web.servlet.DispatcherServlet - Completed initialization in 6 ms
2019-12-25 06:41:28 INFO  [SpringContextShutdownHook] o.s.s.c.ThreadPoolTaskExecutor - Shutting down ExecutorService 'applicationTaskExecutor'
2019-12-25 06:41:33 INFO  [main] com.linux.demo.DemoApplication - Starting DemoApplication on ubuntu with PID 5445 (/home/daniel/dev/CouponsProjectMongoDB/target/classes started by daniel in /home/daniel/dev/CouponsProjectMongoDB)
2019-12-25 06:41:33 INFO  [main] com.linux.demo.DemoApplication - No active profile set, falling back to default profiles: default
2019-12-25 06:41:33 INFO  [main] o.s.d.r.c.RepositoryConfigurationDelegate - Bootstrapping Spring Data MongoDB repositories in DEFAULT mode.
2019-12-25 06:41:33 INFO  [main] o.s.d.r.c.RepositoryConfigurationDelegate - Finished Spring Data repository scanning in 13ms. Found 0 MongoDB repository interfaces.
2019-12-25 06:41:34 INFO  [main] o.s.b.w.e.tomcat.TomcatWebServer - Tomcat initialized with port(s): 8080 (http)
2019-12-25 06:41:34 INFO  [main] o.a.catalina.core.StandardService - Starting service [Tomcat]
2019-12-25 06:41:34 INFO  [main] o.a.catalina.core.StandardEngine - Starting Servlet engine: [Apache Tomcat/9.0.29]
2019-12-25 06:41:34 INFO  [main] o.a.c.c.C.[Tomcat].[localhost].[/] - Initializing Spring embedded WebApplicationContext
2019-12-25 06:41:34 INFO  [main] o.s.web.context.ContextLoader - Root WebApplicationContext: initialization completed in 1401 ms
2019-12-25 06:41:34 INFO  [main] org.mongodb.driver.cluster - Cluster created with settings {hosts=[127.0.0.1:27017], mode=SINGLE, requiredClusterType=UNKNOWN, serverSelectionTimeout='30000 ms', maxWaitQueueSize=500}
2019-12-25 06:41:34 INFO  [cluster-ClusterId{value='5e03751ec9cb355fd817b3c1', description='null'}-127.0.0.1:27017] org.mongodb.driver.connection - Opened connection [connectionId{localValue:1, serverValue:3}] to 127.0.0.1:27017
2019-12-25 06:41:34 INFO  [cluster-ClusterId{value='5e03751ec9cb355fd817b3c1', description='null'}-127.0.0.1:27017] org.mongodb.driver.cluster - Monitor thread successfully connected to server with description ServerDescription{address=127.0.0.1:27017, type=STANDALONE, state=CONNECTED, ok=true, version=ServerVersion{versionList=[4, 2, 2]}, minWireVersion=0, maxWireVersion=8, maxDocumentSize=16777216, logicalSessionTimeoutMinutes=30, roundTripTimeNanos=2109084}
2019-12-25 06:41:34 INFO  [main] s.d.s.w.PropertySourcedRequestMappingHandlerMapping - Mapped URL path [/v2/api-docs] onto method [springfox.documentation.swagger2.web.Swagger2Controller#getDocumentation(String, HttpServletRequest)]
2019-12-25 06:41:35 INFO  [main] o.s.s.c.ThreadPoolTaskExecutor - Initializing ExecutorService 'applicationTaskExecutor'
2019-12-25 06:41:35 INFO  [main] s.d.s.w.p.DocumentationPluginsBootstrapper - Context refreshed
2019-12-25 06:41:35 INFO  [main] s.d.s.w.p.DocumentationPluginsBootstrapper - Found 1 custom documentation plugin(s)
2019-12-25 06:41:35 INFO  [main] s.d.s.w.s.ApiListingReferenceScanner - Scanning for api listing references
2019-12-25 06:41:35 INFO  [main] o.s.b.w.e.tomcat.TomcatWebServer - Tomcat started on port(s): 8080 (http) with context path ''
2019-12-25 06:41:35 INFO  [main] com.linux.demo.DemoApplication - Started DemoApplication in 2.735 seconds (JVM running for 3.25)
2019-12-25 06:41:44 INFO  [http-nio-8080-exec-1] o.a.c.c.C.[Tomcat].[localhost].[/] - Initializing Spring DispatcherServlet 'dispatcherServlet'
2019-12-25 06:41:44 INFO  [http-nio-8080-exec-1] o.s.web.servlet.DispatcherServlet - Initializing Servlet 'dispatcherServlet'
2019-12-25 06:41:44 INFO  [http-nio-8080-exec-1] o.s.web.servlet.DispatcherServlet - Completed initialization in 7 ms
2019-12-25 06:46:39 INFO  [http-nio-8080-exec-2] org.mongodb.driver.connection - Opened connection [connectionId{localValue:2, serverValue:4}] to 127.0.0.1:27017
2019-12-25 06:58:06 INFO  [SpringContextShutdownHook] o.s.s.c.ThreadPoolTaskExecutor - Shutting down ExecutorService 'applicationTaskExecutor'
2019-12-25 06:58:14 INFO  [main] com.linux.demo.DemoApplication - Starting DemoApplication on ubuntu with PID 6039 (/home/daniel/dev/CouponsProjectMongoDB/target/classes started by daniel in /home/daniel/dev/CouponsProjectMongoDB)
2019-12-25 06:58:14 INFO  [main] com.linux.demo.DemoApplication - No active profile set, falling back to default profiles: default
2019-12-25 06:58:15 INFO  [main] o.s.d.r.c.RepositoryConfigurationDelegate - Bootstrapping Spring Data MongoDB repositories in DEFAULT mode.
2019-12-25 06:58:15 INFO  [main] o.s.d.r.c.RepositoryConfigurationDelegate - Finished Spring Data repository scanning in 20ms. Found 0 MongoDB repository interfaces.
2019-12-25 06:58:16 INFO  [main] o.s.b.w.e.tomcat.TomcatWebServer - Tomcat initialized with port(s): 8080 (http)
2019-12-25 06:58:16 INFO  [main] o.a.catalina.core.StandardService - Starting service [Tomcat]
2019-12-25 06:58:16 INFO  [main] o.a.catalina.core.StandardEngine - Starting Servlet engine: [Apache Tomcat/9.0.29]
2019-12-25 06:58:16 INFO  [main] o.a.c.c.C.[Tomcat].[localhost].[/] - Initializing Spring embedded WebApplicationContext
2019-12-25 06:58:16 INFO  [main] o.s.web.context.ContextLoader - Root WebApplicationContext: initialization completed in 1795 ms
2019-12-25 06:58:16 INFO  [main] org.mongodb.driver.cluster - Cluster created with settings {hosts=[127.0.0.1:27017], mode=SINGLE, requiredClusterType=UNKNOWN, serverSelectionTimeout='30000 ms', maxWaitQueueSize=500}
2019-12-25 06:58:16 INFO  [cluster-ClusterId{value='5e037908853a341444572468', description='null'}-127.0.0.1:27017] org.mongodb.driver.connection - Opened connection [connectionId{localValue:1, serverValue:32}] to 127.0.0.1:27017
2019-12-25 06:58:16 INFO  [cluster-ClusterId{value='5e037908853a341444572468', description='null'}-127.0.0.1:27017] org.mongodb.driver.cluster - Monitor thread successfully connected to server with description ServerDescription{address=127.0.0.1:27017, type=STANDALONE, state=CONNECTED, ok=true, version=ServerVersion{versionList=[4, 2, 2]}, minWireVersion=0, maxWireVersion=8, maxDocumentSize=16777216, logicalSessionTimeoutMinutes=30, roundTripTimeNanos=2964824}
2019-12-25 06:58:17 INFO  [main] s.d.s.w.PropertySourcedRequestMappingHandlerMapping - Mapped URL path [/v2/api-docs] onto method [springfox.documentation.swagger2.web.Swagger2Controller#getDocumentation(String, HttpServletRequest)]
2019-12-25 06:58:17 INFO  [main] o.s.s.c.ThreadPoolTaskExecutor - Initializing ExecutorService 'applicationTaskExecutor'
2019-12-25 06:58:17 INFO  [main] s.d.s.w.p.DocumentationPluginsBootstrapper - Context refreshed
2019-12-25 06:58:17 INFO  [main] s.d.s.w.p.DocumentationPluginsBootstrapper - Found 1 custom documentation plugin(s)
2019-12-25 06:58:17 INFO  [main] s.d.s.w.s.ApiListingReferenceScanner - Scanning for api listing references
2019-12-25 06:58:17 INFO  [main] o.s.b.w.e.tomcat.TomcatWebServer - Tomcat started on port(s): 8080 (http) with context path ''
2019-12-25 06:58:17 INFO  [main] com.linux.demo.DemoApplication - Started DemoApplication in 3.688 seconds (JVM running for 4.32)
2019-12-25 06:58:29 INFO  [http-nio-8080-exec-1] o.a.c.c.C.[Tomcat].[localhost].[/] - Initializing Spring DispatcherServlet 'dispatcherServlet'
2019-12-25 06:58:29 INFO  [http-nio-8080-exec-1] o.s.web.servlet.DispatcherServlet - Initializing Servlet 'dispatcherServlet'
2019-12-25 06:58:29 INFO  [http-nio-8080-exec-1] o.s.web.servlet.DispatcherServlet - Completed initialization in 8 ms
2019-12-25 07:00:46 INFO  [http-nio-8080-exec-4] org.mongodb.driver.connection - Opened connection [connectionId{localValue:2, serverValue:38}] to 127.0.0.1:27017
2019-12-25 07:00:46 ERROR [http-nio-8080-exec-4] c.l.demo.controller.UserController - Username already exists
2019-12-25 07:01:03 ERROR [http-nio-8080-exec-1] c.l.demo.controller.UserController - Username or Password invalid
2019-12-25 07:01:19 ERROR [http-nio-8080-exec-6] c.l.demo.controller.UserController - Username or Password invalid
2019-12-25 07:01:19 ERROR [http-nio-8080-exec-8] c.l.demo.controller.UserController - Username or Password invalid
2019-12-25 07:01:21 ERROR [http-nio-8080-exec-7] c.l.demo.controller.UserController - Username or Password invalid
2019-12-25 07:02:23 ERROR [http-nio-8080-exec-3] c.l.demo.controller.UserController - Username or Password invalid
2019-12-25 07:02:24 ERROR [http-nio-8080-exec-10] c.l.demo.controller.UserController - Username or Password invalid
2019-12-25 07:02:25 ERROR [http-nio-8080-exec-2] c.l.demo.controller.UserController - Username or Password invalid
2019-12-25 07:13:23 INFO  [SpringContextShutdownHook] o.s.s.c.ThreadPoolTaskExecutor - Shutting down ExecutorService 'applicationTaskExecutor'
2019-12-27 00:06:32 INFO  [main] com.linux.demo.DemoApplication - Starting DemoApplication on valard with PID 8512 (/home/valard/dev/server/java/CouponsProjectMongoDB/target/classes started by valard in /home/valard/dev/server/java/CouponsProjectMongoDB)
2019-12-27 00:06:32 INFO  [main] com.linux.demo.DemoApplication - No active profile set, falling back to default profiles: default
2019-12-27 00:06:32 INFO  [main] o.s.d.r.c.RepositoryConfigurationDelegate - Bootstrapping Spring Data MongoDB repositories in DEFAULT mode.
2019-12-27 00:06:33 INFO  [main] o.s.d.r.c.RepositoryConfigurationDelegate - Finished Spring Data repository scanning in 16ms. Found 0 MongoDB repository interfaces.
2019-12-27 00:06:33 INFO  [main] o.s.b.w.e.tomcat.TomcatWebServer - Tomcat initialized with port(s): 8080 (http)
2019-12-27 00:06:33 INFO  [main] o.a.catalina.core.StandardService - Starting service [Tomcat]
2019-12-27 00:06:33 INFO  [main] o.a.catalina.core.StandardEngine - Starting Servlet engine: [Apache Tomcat/9.0.29]
2019-12-27 00:06:33 INFO  [main] o.a.c.c.C.[Tomcat].[localhost].[/] - Initializing Spring embedded WebApplicationContext
2019-12-27 00:06:33 INFO  [main] o.s.web.context.ContextLoader - Root WebApplicationContext: initialization completed in 1356 ms
2019-12-27 00:06:33 INFO  [main] org.mongodb.driver.cluster - Cluster created with settings {hosts=[127.0.0.1:27017], mode=SINGLE, requiredClusterType=UNKNOWN, serverSelectionTimeout='30000 ms', maxWaitQueueSize=500}
2019-12-27 00:06:33 INFO  [cluster-ClusterId{value='5e052ee932fcc347e1b3e5de', description='null'}-127.0.0.1:27017] org.mongodb.driver.connection - Opened connection [connectionId{localValue:1, serverValue:34}] to 127.0.0.1:27017
2019-12-27 00:06:33 INFO  [cluster-ClusterId{value='5e052ee932fcc347e1b3e5de', description='null'}-127.0.0.1:27017] org.mongodb.driver.cluster - Monitor thread successfully connected to server with description ServerDescription{address=127.0.0.1:27017, type=STANDALONE, state=CONNECTED, ok=true, version=ServerVersion{versionList=[4, 2, 1]}, minWireVersion=0, maxWireVersion=8, maxDocumentSize=16777216, logicalSessionTimeoutMinutes=30, roundTripTimeNanos=2730287}
2019-12-27 00:06:34 INFO  [main] s.d.s.w.PropertySourcedRequestMappingHandlerMapping - Mapped URL path [/v2/api-docs] onto method [springfox.documentation.swagger2.web.Swagger2Controller#getDocumentation(String, HttpServletRequest)]
2019-12-27 00:06:34 INFO  [main] o.s.s.c.ThreadPoolTaskExecutor - Initializing ExecutorService 'applicationTaskExecutor'
2019-12-27 00:06:34 INFO  [main] s.d.s.w.p.DocumentationPluginsBootstrapper - Context refreshed
2019-12-27 00:06:34 INFO  [main] s.d.s.w.p.DocumentationPluginsBootstrapper - Found 1 custom documentation plugin(s)
2019-12-27 00:06:34 INFO  [main] s.d.s.w.s.ApiListingReferenceScanner - Scanning for api listing references
2019-12-27 00:06:34 INFO  [main] o.s.b.w.e.tomcat.TomcatWebServer - Tomcat started on port(s): 8080 (http) with context path ''
2019-12-27 00:06:34 INFO  [main] com.linux.demo.DemoApplication - Started DemoApplication in 2.778 seconds (JVM running for 3.169)
2019-12-27 00:06:41 INFO  [http-nio-8080-exec-1] o.a.c.c.C.[Tomcat].[localhost].[/] - Initializing Spring DispatcherServlet 'dispatcherServlet'
2019-12-27 00:06:41 INFO  [http-nio-8080-exec-1] o.s.web.servlet.DispatcherServlet - Initializing Servlet 'dispatcherServlet'
2019-12-27 00:06:41 INFO  [http-nio-8080-exec-1] o.s.web.servlet.DispatcherServlet - Completed initialization in 9 ms
2019-12-27 00:11:27 INFO  [SpringContextShutdownHook] o.s.s.c.ThreadPoolTaskExecutor - Shutting down ExecutorService 'applicationTaskExecutor'
2019-12-27 00:11:30 INFO  [main] com.linux.demo.DemoApplication - Starting DemoApplication on valard with PID 8722 (/home/valard/dev/server/java/CouponsProjectMongoDB/target/classes started by valard in /home/valard/dev/server/java/CouponsProjectMongoDB)
2019-12-27 00:11:30 INFO  [main] com.linux.demo.DemoApplication - No active profile set, falling back to default profiles: default
2019-12-27 00:11:31 INFO  [main] o.s.d.r.c.RepositoryConfigurationDelegate - Bootstrapping Spring Data MongoDB repositories in DEFAULT mode.
2019-12-27 00:11:31 INFO  [main] o.s.d.r.c.RepositoryConfigurationDelegate - Finished Spring Data repository scanning in 22ms. Found 0 MongoDB repository interfaces.
2019-12-27 00:11:31 INFO  [main] o.s.b.w.e.tomcat.TomcatWebServer - Tomcat initialized with port(s): 8080 (http)
2019-12-27 00:11:31 INFO  [main] o.a.catalina.core.StandardService - Starting service [Tomcat]
2019-12-27 00:11:31 INFO  [main] o.a.catalina.core.StandardEngine - Starting Servlet engine: [Apache Tomcat/9.0.29]
2019-12-27 00:11:31 INFO  [main] o.a.c.c.C.[Tomcat].[localhost].[/] - Initializing Spring embedded WebApplicationContext
2019-12-27 00:11:31 INFO  [main] o.s.web.context.ContextLoader - Root WebApplicationContext: initialization completed in 1372 ms
2019-12-27 00:11:31 INFO  [main] org.mongodb.driver.cluster - Cluster created with settings {hosts=[127.0.0.1:27017], mode=SINGLE, requiredClusterType=UNKNOWN, serverSelectionTimeout='30000 ms', maxWaitQueueSize=500}
2019-12-27 00:11:31 INFO  [cluster-ClusterId{value='5e053013b2b2412a6deb095c', description='null'}-127.0.0.1:27017] org.mongodb.driver.connection - Opened connection [connectionId{localValue:1, serverValue:35}] to 127.0.0.1:27017
2019-12-27 00:11:31 INFO  [cluster-ClusterId{value='5e053013b2b2412a6deb095c', description='null'}-127.0.0.1:27017] org.mongodb.driver.cluster - Monitor thread successfully connected to server with description ServerDescription{address=127.0.0.1:27017, type=STANDALONE, state=CONNECTED, ok=true, version=ServerVersion{versionList=[4, 2, 1]}, minWireVersion=0, maxWireVersion=8, maxDocumentSize=16777216, logicalSessionTimeoutMinutes=30, roundTripTimeNanos=1798445}
2019-12-27 00:11:32 INFO  [main] s.d.s.w.PropertySourcedRequestMappingHandlerMapping - Mapped URL path [/v2/api-docs] onto method [springfox.documentation.swagger2.web.Swagger2Controller#getDocumentation(String, HttpServletRequest)]
2019-12-27 00:11:32 INFO  [main] o.s.s.c.ThreadPoolTaskExecutor - Initializing ExecutorService 'applicationTaskExecutor'
2019-12-27 00:11:32 INFO  [main] s.d.s.w.p.DocumentationPluginsBootstrapper - Context refreshed
2019-12-27 00:11:32 INFO  [main] s.d.s.w.p.DocumentationPluginsBootstrapper - Found 1 custom documentation plugin(s)
2019-12-27 00:11:32 INFO  [main] s.d.s.w.s.ApiListingReferenceScanner - Scanning for api listing references
2019-12-27 00:11:32 INFO  [main] o.s.b.w.e.tomcat.TomcatWebServer - Tomcat started on port(s): 8080 (http) with context path ''
2019-12-27 00:11:32 INFO  [main] com.linux.demo.DemoApplication - Started DemoApplication in 2.638 seconds (JVM running for 2.982)
2019-12-27 00:12:22 INFO  [http-nio-8080-exec-1] o.a.c.c.C.[Tomcat].[localhost].[/] - Initializing Spring DispatcherServlet 'dispatcherServlet'
2019-12-27 00:12:22 INFO  [http-nio-8080-exec-1] o.s.web.servlet.DispatcherServlet - Initializing Servlet 'dispatcherServlet'
2019-12-27 00:12:22 INFO  [http-nio-8080-exec-1] o.s.web.servlet.DispatcherServlet - Completed initialization in 6 ms
2019-12-27 00:14:08 INFO  [http-nio-8080-exec-3] org.mongodb.driver.connection - Opened connection [connectionId{localValue:2, serverValue:36}] to 127.0.0.1:27017
2019-12-27 00:14:08 ERROR [http-nio-8080-exec-3] c.l.demo.controller.UserController - Username or Password invalid
2019-12-27 00:14:08 ERROR [http-nio-8080-exec-3] o.a.c.c.C.[.[.[.[dispatcherServlet] - Servlet.service() for servlet [dispatcherServlet] in context with path [] threw exception [Request processing failed; nested exception is java.lang.RuntimeException: Username or Password invalid] with root cause
java.lang.RuntimeException: Username or Password invalid
	at com.linux.demo.controller.UserController.login(UserController.java:45)
	at sun.reflect.NativeMethodAccessorImpl.invoke0(Native Method)
	at sun.reflect.NativeMethodAccessorImpl.invoke(NativeMethodAccessorImpl.java:62)
	at sun.reflect.DelegatingMethodAccessorImpl.invoke(DelegatingMethodAccessorImpl.java:43)
	at java.lang.reflect.Method.invoke(Method.java:498)
	at org.springframework.web.method.support.InvocableHandlerMethod.doInvoke(InvocableHandlerMethod.java:190)
	at org.springframework.web.method.support.InvocableHandlerMethod.invokeForRequest(InvocableHandlerMethod.java:138)
	at org.springframework.web.servlet.mvc.method.annotation.ServletInvocableHandlerMethod.invokeAndHandle(ServletInvocableHandlerMethod.java:106)
	at org.springframework.web.servlet.mvc.method.annotation.RequestMappingHandlerAdapter.invokeHandlerMethod(RequestMappingHandlerAdapter.java:888)
	at org.springframework.web.servlet.mvc.method.annotation.RequestMappingHandlerAdapter.handleInternal(RequestMappingHandlerAdapter.java:793)
	at org.springframework.web.servlet.mvc.method.AbstractHandlerMethodAdapter.handle(AbstractHandlerMethodAdapter.java:87)
	at org.springframework.web.servlet.DispatcherServlet.doDispatch(DispatcherServlet.java:1040)
	at org.springframework.web.servlet.DispatcherServlet.doService(DispatcherServlet.java:943)
	at org.springframework.web.servlet.FrameworkServlet.processRequest(FrameworkServlet.java:1006)
	at org.springframework.web.servlet.FrameworkServlet.doPost(FrameworkServlet.java:909)
	at javax.servlet.http.HttpServlet.service(HttpServlet.java:660)
	at org.springframework.web.servlet.FrameworkServlet.service(FrameworkServlet.java:883)
	at javax.servlet.http.HttpServlet.service(HttpServlet.java:741)
	at org.apache.catalina.core.ApplicationFilterChain.internalDoFilter(ApplicationFilterChain.java:231)
	at org.apache.catalina.core.ApplicationFilterChain.doFilter(ApplicationFilterChain.java:166)
	at org.apache.tomcat.websocket.server.WsFilter.doFilter(WsFilter.java:53)
	at org.apache.catalina.core.ApplicationFilterChain.internalDoFilter(ApplicationFilterChain.java:193)
	at org.apache.catalina.core.ApplicationFilterChain.doFilter(ApplicationFilterChain.java:166)
	at org.springframework.web.filter.RequestContextFilter.doFilterInternal(RequestContextFilter.java:100)
	at org.springframework.web.filter.OncePerRequestFilter.doFilter(OncePerRequestFilter.java:119)
	at org.apache.catalina.core.ApplicationFilterChain.internalDoFilter(ApplicationFilterChain.java:193)
	at org.apache.catalina.core.ApplicationFilterChain.doFilter(ApplicationFilterChain.java:166)
	at org.springframework.web.filter.FormContentFilter.doFilterInternal(FormContentFilter.java:93)
	at org.springframework.web.filter.OncePerRequestFilter.doFilter(OncePerRequestFilter.java:119)
	at org.apache.catalina.core.ApplicationFilterChain.internalDoFilter(ApplicationFilterChain.java:193)
	at org.apache.catalina.core.ApplicationFilterChain.doFilter(ApplicationFilterChain.java:166)
	at org.springframework.web.filter.CharacterEncodingFilter.doFilterInternal(CharacterEncodingFilter.java:201)
	at org.springframework.web.filter.OncePerRequestFilter.doFilter(OncePerRequestFilter.java:119)
	at org.apache.catalina.core.ApplicationFilterChain.internalDoFilter(ApplicationFilterChain.java:193)
	at org.apache.catalina.core.ApplicationFilterChain.doFilter(ApplicationFilterChain.java:166)
	at org.apache.catalina.core.StandardWrapperValve.invoke(StandardWrapperValve.java:202)
	at org.apache.catalina.core.StandardContextValve.invoke(StandardContextValve.java:96)
	at org.apache.catalina.authenticator.AuthenticatorBase.invoke(AuthenticatorBase.java:526)
	at org.apache.catalina.core.StandardHostValve.invoke(StandardHostValve.java:139)
	at org.apache.catalina.valves.ErrorReportValve.invoke(ErrorReportValve.java:92)
	at org.apache.catalina.core.StandardEngineValve.invoke(StandardEngineValve.java:74)
	at org.apache.catalina.connector.CoyoteAdapter.service(CoyoteAdapter.java:343)
	at org.apache.coyote.http11.Http11Processor.service(Http11Processor.java:367)
	at org.apache.coyote.AbstractProcessorLight.process(AbstractProcessorLight.java:65)
	at org.apache.coyote.AbstractProtocol$ConnectionHandler.process(AbstractProtocol.java:860)
	at org.apache.tomcat.util.net.NioEndpoint$SocketProcessor.doRun(NioEndpoint.java:1591)
	at org.apache.tomcat.util.net.SocketProcessorBase.run(SocketProcessorBase.java:49)
	at java.util.concurrent.ThreadPoolExecutor.runWorker(ThreadPoolExecutor.java:1149)
	at java.util.concurrent.ThreadPoolExecutor$Worker.run(ThreadPoolExecutor.java:624)
	at org.apache.tomcat.util.threads.TaskThread$WrappingRunnable.run(TaskThread.java:61)
	at java.lang.Thread.run(Thread.java:748)
